<?xml version="1.0" encoding="UTF-8"?>
<!-- Generated by org.testng.reporters.JUnitReportReporter -->
<testsuite skipped="0" hostname="ip-172-31-28-19" name="TestCase.CreditCards" tests="1" failures="0" timestamp="16 Apr 2023 03:52:12 GMT" time="0.001" errors="0">
  <testcase name="test4" time="0.001" classname="TestCase.CreditCards"/>
</testsuite> <!-- TestCase.CreditCards -->
