<?xml version="1.0" encoding="UTF-8"?>
<!-- Generated by org.testng.reporters.JUnitReportReporter -->
<testsuite skipped="0" hostname="ip-172-31-28-19" name="TestCase.CarLoans" tests="1" failures="0" timestamp="16 Apr 2023 03:52:12 GMT" time="0.006" errors="0">
  <testcase name="test3" time="0.006" classname="TestCase.CarLoans"/>
</testsuite> <!-- TestCase.CarLoans -->
