<?xml version="1.0" encoding="UTF-8"?>
<!-- Generated by org.testng.reporters.JUnitReportReporter -->
<testsuite skipped="0" hostname="ip-172-31-28-19" name="TestCase.HomeLoans" tests="1" failures="0" timestamp="23 Apr 2023 18:09:54 GMT" time="0.002" errors="0">
  <testcase name="test1" time="0.002" classname="TestCase.HomeLoans"/>
</testsuite> <!-- TestCase.HomeLoans -->
